# JRE version: Java(TM) SE Runtime Environment (11.0.6+8) (build 11.0.6+8-LTS)
# Java VM: Java HotSpot(TM) 64-Bit Server VM (11.0.6+8-LTS, mixed mode, tiered, compressed oops, g1 gc, windows-amd64)
Heap:
 garbage-first heap   total 169984K, used 70638K [0x0000000081c00000, 0x0000000100000000)
  region size 1024K, 58 young (59392K), 10 survivors (10240K)
 Metaspace       used 64836K, capacity 66361K, committed 66560K, reserved 1107968K
  class space    used 8329K, capacity 8945K, committed 8960K, reserved 1048576K
GC Heap History (10 events):
Event: 3.478 GC heap before
{Heap before GC invocations=5 (full 0):
 garbage-first heap   total 131072K, used 53178K [0x0000000081c00000, 0x0000000100000000)
  region size 1024K, 47 young (48128K), 3 survivors (3072K)
 Metaspace       used 24209K, capacity 24777K, committed 24960K, reserved 1071104K
  class space    used 2880K, capacity 3097K, committed 3200K, reserved 1048576K
}
Event: 3.484 GC heap after
{Heap after GC invocations=6 (full 0):
 garbage-first heap   total 131072K, used 10438K [0x0000000081c00000, 0x0000000100000000)
  region size 1024K, 5 young (5120K), 5 survivors (5120K)
 Metaspace       used 24209K, capacity 24777K, committed 24960K, reserved 1071104K
  class space    used 2880K, capacity 3097K, committed 3200K, reserved 1048576K
}
Event: 4.297 GC heap before
{Heap before GC invocations=6 (full 0):
 garbage-first heap   total 131072K, used 67782K [0x0000000081c00000, 0x0000000100000000)
  region size 1024K, 62 young (63488K), 5 survivors (5120K)
 Metaspace       used 29504K, capacity 30199K, committed 30464K, reserved 1075200K
  class space    used 3465K, capacity 3713K, committed 3840K, reserved 1048576K
}
Event: 4.307 GC heap after
{Heap after GC invocations=7 (full 0):
 garbage-first heap   total 169984K, used 11754K [0x0000000081c00000, 0x0000000100000000)
  region size 1024K, 6 young (6144K), 6 survivors (6144K)
 Metaspace       used 29504K, capacity 30199K, committed 30464K, reserved 1075200K
  class space    used 3465K, capacity 3713K, committed 3840K, reserved 1048576K
}
Event: 5.885 GC heap before
{Heap before GC invocations=7 (full 0):
 garbage-first heap   total 169984K, used 57834K [0x0000000081c00000, 0x0000000100000000)
  region size 1024K, 52 young (53248K), 6 survivors (6144K)
 Metaspace       used 34857K, capacity 35714K, committed 35840K, reserved 1081344K
  class space    used 4194K, capacity 4537K, committed 4608K, reserved 1048576K
}
Event: 5.898 GC heap after
{Heap after GC invocations=8 (full 0):
 garbage-first heap   total 169984K, used 13583K [0x0000000081c00000, 0x0000000100000000)
  region size 1024K, 8 young (8192K), 8 survivors (8192K)
 Metaspace       used 34857K, capacity 35714K, committed 35840K, reserved 1081344K
  class space    used 4194K, capacity 4537K, committed 4608K, reserved 1048576K
}
Event: 7.990 GC heap before
{Heap before GC invocations=9 (full 0):
 garbage-first heap   total 169984K, used 107791K [0x0000000081c00000, 0x0000000100000000)
  region size 1024K, 99 young (101376K), 8 survivors (8192K)
 Metaspace       used 44104K, capacity 45192K, committed 45440K, reserved 1089536K
  class space    used 5261K, capacity 5689K, committed 5760K, reserved 1048576K
}
Event: 8.005 GC heap after
{Heap after GC invocations=10 (full 0):
 garbage-first heap   total 169984K, used 18872K [0x0000000081c00000, 0x0000000100000000)
  region size 1024K, 10 young (10240K), 10 survivors (10240K)
 Metaspace       used 44104K, capacity 45192K, committed 45440K, reserved 1089536K
  class space    used 5261K, capacity 5689K, committed 5760K, reserved 1048576K
}
Event: 10.392 GC heap before
{Heap before GC invocations=10 (full 0):
 garbage-first heap   total 169984K, used 90552K [0x0000000081c00000, 0x0000000100000000)
  region size 1024K, 81 young (82944K), 10 survivors (10240K)
 Metaspace       used 58880K, capacity 60085K, committed 60160K, reserved 1101824K
  class space    used 7510K, capacity 8029K, committed 8064K, reserved 1048576K
}
Event: 10.413 GC heap after
{Heap after GC invocations=11 (full 0):
 garbage-first heap   total 169984K, used 22510K [0x0000000081c00000, 0x0000000100000000)
  region size 1024K, 10 young (10240K), 10 survivors (10240K)
 Metaspace       used 58880K, capacity 60085K, committed 60160K, reserved 1101824K
  class space    used 7510K, capacity 8029K, committed 8064K, reserved 1048576K
}

